<?xml version="1.0" encoding="UTF-8"?>
<testsuite name="ru.netology.testmode.test.AuthTest" tests="5" skipped="0" failures="0" errors="0" timestamp="2023-05-09T11:58:23" hostname="i-shatunova" time="4.939">
  <properties/>
  <testcase name="Should get error message if login with not registered user" classname="ru.netology.testmode.test.AuthTest" time="2.826"/>
  <testcase name="Should get error message if login with blocked registered user" classname="ru.netology.testmode.test.AuthTest" time="1.007"/>
  <testcase name="Should successfully login with active registered user" classname="ru.netology.testmode.test.AuthTest" time="0.268"/>
  <testcase name="Should get error message if login with wrong password" classname="ru.netology.testmode.test.AuthTest" time="0.309"/>
  <testcase name="Should get error message if login with wrong login" classname="ru.netology.testmode.test.AuthTest" time="0.527"/>
  <system-out><![CDATA[Request method:	POST
Request URI:	http://localhost:9999/api/system/users
Proxy:			<none>
Request params:	<none>
Query params:	<none>
Form params:	<none>
Path params:	<none>
Headers:		Accept=application/json, application/javascript, text/javascript, text/json
				Content-Type=application/json; charset=UTF-8
Cookies:		<none>
Multiparts:		<none>
Body:
{
    "login": "forest.powlowski",
    "password": "0ns508nittp",
    "status": "blocked"
}
Request method:	POST
Request URI:	http://localhost:9999/api/system/users
Proxy:			<none>
Request params:	<none>
Query params:	<none>
Form params:	<none>
Path params:	<none>
Headers:		Accept=application/json, application/javascript, text/javascript, text/json
				Content-Type=application/json; charset=UTF-8
Cookies:		<none>
Multiparts:		<none>
Body:
{
    "login": "libbie.zboncak",
    "password": "qmvtnb95ph",
    "status": "active"
}
Request method:	POST
Request URI:	http://localhost:9999/api/system/users
Proxy:			<none>
Request params:	<none>
Query params:	<none>
Form params:	<none>
Path params:	<none>
Headers:		Accept=application/json, application/javascript, text/javascript, text/json
				Content-Type=application/json; charset=UTF-8
Cookies:		<none>
Multiparts:		<none>
Body:
{
    "login": "avelina.durgan",
    "password": "5lkqz2eapw6bjr",
    "status": "active"
}
Request method:	POST
Request URI:	http://localhost:9999/api/system/users
Proxy:			<none>
Request params:	<none>
Query params:	<none>
Form params:	<none>
Path params:	<none>
Headers:		Accept=application/json, application/javascript, text/javascript, text/json
				Content-Type=application/json; charset=UTF-8
Cookies:		<none>
Multiparts:		<none>
Body:
{
    "login": "lawerence.dare",
    "password": "v5s95h1s",
    "status": "active"
}
]]></system-out>
  <system-err><![CDATA[SLF4J: No SLF4J providers were found.
SLF4J: Defaulting to no-operation (NOP) logger implementation
SLF4J: See https://www.slf4j.org/codes.html#noProviders for further details.
Starting ChromeDriver 113.0.5672.63 (0e1a4471d5ae5bf128b1bd8f4d627c8cbd55f70c-refs/branch-heads/5672@{#912}) on port 11435
Only local connections are allowed.
Please see https://chromedriver.chromium.org/security-considerations for suggestions on keeping ChromeDriver safe.
ChromeDriver was started successfully.
мая 09, 2023 2:58:24 PM org.openqa.selenium.devtools.CdpVersionFinder findNearestMatch
WARNING: Unable to find an exact match for CDP version 113, so returning the closest version found: 110
]]></system-err>
</testsuite>
